ERROR - 2026-04-15 07:15:47 --> Error connecting to the database: Error: Call to undefined function CodeIgniter\Database\Postgre\pg_connect() in /home/tiavina-anjaranomena/SYST-INFO/WIP/codeigniter/system/Database/Postgre/Connection.php:78
Stack trace:
#0 /home/tiavina-anjaranomena/SYST-INFO/WIP/codeigniter/system/Database/BaseConnection.php(555): CodeIgniter\Database\Postgre\Connection->connect()
#1 /home/tiavina-anjaranomena/SYST-INFO/WIP/codeigniter/system/Database/BaseConnection.php(795): CodeIgniter\Database\BaseConnection->initialize()
#2 /home/tiavina-anjaranomena/SYST-INFO/WIP/codeigniter/app/Controllers/TestDb.php(15): CodeIgniter\Database\BaseConnection->query()
#3 /home/tiavina-anjaranomena/SYST-INFO/WIP/codeigniter/system/CodeIgniter.php(951): App\Controllers\TestDb->index()
#4 /home/tiavina-anjaranomena/SYST-INFO/WIP/codeigniter/system/CodeIgniter.php(497): CodeIgniter\CodeIgniter->runController()
#5 /home/tiavina-anjaranomena/SYST-INFO/WIP/codeigniter/system/CodeIgniter.php(340): CodeIgniter\CodeIgniter->handleRequest()
#6 /home/tiavina-anjaranomena/SYST-INFO/WIP/codeigniter/system/Boot.php(417): CodeIgniter\CodeIgniter->run()
#7 /home/tiavina-anjaranomena/SYST-INFO/WIP/codeigniter/system/Boot.php(68): CodeIgniter\Boot::runCodeIgniter()
#8 /home/tiavina-anjaranomena/SYST-INFO/WIP/codeigniter/public/index.php(59): CodeIgniter\Boot::bootWeb()
#9 {main}
CRITICAL - 2026-04-15 07:16:44 --> Error: Call to undefined method CodeIgniter\Database\Config::pg_connect()
[Method: GET, Route: test-db]
in APPPATH/Controllers/TestDb.php on line 11.
 1 SYSTEMPATH/CodeIgniter.php(951): App\Controllers\TestDb->index()
 2 SYSTEMPATH/CodeIgniter.php(497): CodeIgniter\CodeIgniter->runController()
 3 SYSTEMPATH/CodeIgniter.php(340): CodeIgniter\CodeIgniter->handleRequest()
 4 SYSTEMPATH/Boot.php(417): CodeIgniter\CodeIgniter->run()
 5 SYSTEMPATH/Boot.php(68): CodeIgniter\Boot::runCodeIgniter()
 6 FCPATH/index.php(59): CodeIgniter\Boot::bootWeb()
CRITICAL - 2026-04-15 07:16:46 --> Error: Call to undefined method CodeIgniter\Database\Config::pg_connect()
[Method: GET, Route: test-db]
in APPPATH/Controllers/TestDb.php on line 11.
 1 SYSTEMPATH/CodeIgniter.php(951): App\Controllers\TestDb->index()
 2 SYSTEMPATH/CodeIgniter.php(497): CodeIgniter\CodeIgniter->runController()
 3 SYSTEMPATH/CodeIgniter.php(340): CodeIgniter\CodeIgniter->handleRequest()
 4 SYSTEMPATH/Boot.php(417): CodeIgniter\CodeIgniter->run()
 5 SYSTEMPATH/Boot.php(68): CodeIgniter\Boot::runCodeIgniter()
 6 FCPATH/index.php(59): CodeIgniter\Boot::bootWeb()
CRITICAL - 2026-04-15 07:16:52 --> Error: Call to undefined method CodeIgniter\Database\Config::pg_connect()
[Method: GET, Route: test-db]
in APPPATH/Controllers/TestDb.php on line 11.
 1 SYSTEMPATH/CodeIgniter.php(951): App\Controllers\TestDb->index()
 2 SYSTEMPATH/CodeIgniter.php(497): CodeIgniter\CodeIgniter->runController()
 3 SYSTEMPATH/CodeIgniter.php(340): CodeIgniter\CodeIgniter->handleRequest()
 4 SYSTEMPATH/Boot.php(417): CodeIgniter\CodeIgniter->run()
 5 SYSTEMPATH/Boot.php(68): CodeIgniter\Boot::runCodeIgniter()
 6 FCPATH/index.php(59): CodeIgniter\Boot::bootWeb()
ERROR - 2026-04-15 07:17:02 --> Error connecting to the database: Error: Call to undefined function CodeIgniter\Database\Postgre\pg_connect() in /home/tiavina-anjaranomena/SYST-INFO/WIP/codeigniter/system/Database/Postgre/Connection.php:78
Stack trace:
#0 /home/tiavina-anjaranomena/SYST-INFO/WIP/codeigniter/system/Database/BaseConnection.php(555): CodeIgniter\Database\Postgre\Connection->connect()
#1 /home/tiavina-anjaranomena/SYST-INFO/WIP/codeigniter/system/Database/BaseConnection.php(795): CodeIgniter\Database\BaseConnection->initialize()
#2 /home/tiavina-anjaranomena/SYST-INFO/WIP/codeigniter/app/Controllers/TestDb.php(15): CodeIgniter\Database\BaseConnection->query()
#3 /home/tiavina-anjaranomena/SYST-INFO/WIP/codeigniter/system/CodeIgniter.php(951): App\Controllers\TestDb->index()
#4 /home/tiavina-anjaranomena/SYST-INFO/WIP/codeigniter/system/CodeIgniter.php(497): CodeIgniter\CodeIgniter->runController()
#5 /home/tiavina-anjaranomena/SYST-INFO/WIP/codeigniter/system/CodeIgniter.php(340): CodeIgniter\CodeIgniter->handleRequest()
#6 /home/tiavina-anjaranomena/SYST-INFO/WIP/codeigniter/system/Boot.php(417): CodeIgniter\CodeIgniter->run()
#7 /home/tiavina-anjaranomena/SYST-INFO/WIP/codeigniter/system/Boot.php(68): CodeIgniter\Boot::runCodeIgniter()
#8 /home/tiavina-anjaranomena/SYST-INFO/WIP/codeigniter/public/index.php(59): CodeIgniter\Boot::bootWeb()
#9 {main}
ERROR - 2026-04-15 08:12:40 --> Error connecting to the database: Error: Call to undefined function CodeIgniter\Database\Postgre\pg_connect() in /home/tiavina-anjaranomena/SYST-INFO/WIP/codeigniter/system/Database/Postgre/Connection.php:78
Stack trace:
#0 /home/tiavina-anjaranomena/SYST-INFO/WIP/codeigniter/system/Database/BaseConnection.php(555): CodeIgniter\Database\Postgre\Connection->connect()
#1 /home/tiavina-anjaranomena/SYST-INFO/WIP/codeigniter/system/Database/BaseConnection.php(795): CodeIgniter\Database\BaseConnection->initialize()
#2 /home/tiavina-anjaranomena/SYST-INFO/WIP/codeigniter/app/Controllers/TestDb.php(15): CodeIgniter\Database\BaseConnection->query()
#3 /home/tiavina-anjaranomena/SYST-INFO/WIP/codeigniter/system/CodeIgniter.php(951): App\Controllers\TestDb->index()
#4 /home/tiavina-anjaranomena/SYST-INFO/WIP/codeigniter/system/CodeIgniter.php(497): CodeIgniter\CodeIgniter->runController()
#5 /home/tiavina-anjaranomena/SYST-INFO/WIP/codeigniter/system/CodeIgniter.php(340): CodeIgniter\CodeIgniter->handleRequest()
#6 /home/tiavina-anjaranomena/SYST-INFO/WIP/codeigniter/system/Boot.php(417): CodeIgniter\CodeIgniter->run()
#7 /home/tiavina-anjaranomena/SYST-INFO/WIP/codeigniter/system/Boot.php(68): CodeIgniter\Boot::runCodeIgniter()
#8 /home/tiavina-anjaranomena/SYST-INFO/WIP/codeigniter/public/index.php(59): CodeIgniter\Boot::bootWeb()
#9 {main}
CRITICAL - 2026-04-15 08:14:46 --> CodeIgniter\HTTP\Exceptions\BadRequestException: The URI you submitted has disallowed characters: "te]"
[Method: GET, Route: te%5D]
in SYSTEMPATH/Router/Router.php on line 768.
 1 SYSTEMPATH/Router/Router.php(219): CodeIgniter\Router\Router->checkDisallowedChars()
 2 SYSTEMPATH/CodeIgniter.php(829): CodeIgniter\Router\Router->handle()
 3 SYSTEMPATH/CodeIgniter.php(441): CodeIgniter\CodeIgniter->tryToRouteIt()
 4 SYSTEMPATH/CodeIgniter.php(340): CodeIgniter\CodeIgniter->handleRequest()
 5 SYSTEMPATH/Boot.php(417): CodeIgniter\CodeIgniter->run()
 6 SYSTEMPATH/Boot.php(68): CodeIgniter\Boot::runCodeIgniter()
 7 FCPATH/index.php(59): CodeIgniter\Boot::bootWeb()
