ERROR - 2026-04-20 12:40:24 --> Error connecting to the database: mysqli_sql_exception: No such file or directory in /home/tiavina-anjaranomena/SYST-INFO/ETU003955/system/Database/MySQLi/Connection.php:201
Stack trace:
#0 /home/tiavina-anjaranomena/SYST-INFO/ETU003955/system/Database/MySQLi/Connection.php(201): mysqli->real_connect()
#1 /home/tiavina-anjaranomena/SYST-INFO/ETU003955/system/Database/BaseConnection.php(555): CodeIgniter\Database\MySQLi\Connection->connect()
#2 /home/tiavina-anjaranomena/SYST-INFO/ETU003955/system/Database/BaseConnection.php(795): CodeIgniter\Database\BaseConnection->initialize()
#3 /home/tiavina-anjaranomena/SYST-INFO/ETU003955/app/Controllers/TestDb.php(14): CodeIgniter\Database\BaseConnection->query()
#4 /home/tiavina-anjaranomena/SYST-INFO/ETU003955/system/CodeIgniter.php(951): App\Controllers\TestDb->index()
#5 /home/tiavina-anjaranomena/SYST-INFO/ETU003955/system/CodeIgniter.php(497): CodeIgniter\CodeIgniter->runController()
#6 /home/tiavina-anjaranomena/SYST-INFO/ETU003955/system/CodeIgniter.php(340): CodeIgniter\CodeIgniter->handleRequest()
#7 /home/tiavina-anjaranomena/SYST-INFO/ETU003955/system/Boot.php(417): CodeIgniter\CodeIgniter->run()
#8 /home/tiavina-anjaranomena/SYST-INFO/ETU003955/system/Boot.php(68): CodeIgniter\Boot::runCodeIgniter()
#9 /home/tiavina-anjaranomena/SYST-INFO/ETU003955/public/index.php(59): CodeIgniter\Boot::bootWeb()
#10 {main}

Next CodeIgniter\Database\Exceptions\DatabaseException: No such file or directory in /home/tiavina-anjaranomena/SYST-INFO/ETU003955/system/Database/MySQLi/Connection.php:231
Stack trace:
#0 /home/tiavina-anjaranomena/SYST-INFO/ETU003955/system/Database/BaseConnection.php(555): CodeIgniter\Database\MySQLi\Connection->connect()
#1 /home/tiavina-anjaranomena/SYST-INFO/ETU003955/system/Database/BaseConnection.php(795): CodeIgniter\Database\BaseConnection->initialize()
#2 /home/tiavina-anjaranomena/SYST-INFO/ETU003955/app/Controllers/TestDb.php(14): CodeIgniter\Database\BaseConnection->query()
#3 /home/tiavina-anjaranomena/SYST-INFO/ETU003955/system/CodeIgniter.php(951): App\Controllers\TestDb->index()
#4 /home/tiavina-anjaranomena/SYST-INFO/ETU003955/system/CodeIgniter.php(497): CodeIgniter\CodeIgniter->runController()
#5 /home/tiavina-anjaranomena/SYST-INFO/ETU003955/system/CodeIgniter.php(340): CodeIgniter\CodeIgniter->handleRequest()
#6 /home/tiavina-anjaranomena/SYST-INFO/ETU003955/system/Boot.php(417): CodeIgniter\CodeIgniter->run()
#7 /home/tiavina-anjaranomena/SYST-INFO/ETU003955/system/Boot.php(68): CodeIgniter\Boot::runCodeIgniter()
#8 /home/tiavina-anjaranomena/SYST-INFO/ETU003955/public/index.php(59): CodeIgniter\Boot::bootWeb()
#9 {main}
ERROR - 2026-04-20 12:46:32 --> Error connecting to the database: mysqli_sql_exception: No such file or directory in /home/tiavina-anjaranomena/SYST-INFO/ETU003955/system/Database/MySQLi/Connection.php:201
Stack trace:
#0 /home/tiavina-anjaranomena/SYST-INFO/ETU003955/system/Database/MySQLi/Connection.php(201): mysqli->real_connect()
#1 /home/tiavina-anjaranomena/SYST-INFO/ETU003955/system/Database/BaseConnection.php(555): CodeIgniter\Database\MySQLi\Connection->connect()
#2 /home/tiavina-anjaranomena/SYST-INFO/ETU003955/system/Database/BaseConnection.php(795): CodeIgniter\Database\BaseConnection->initialize()
#3 /home/tiavina-anjaranomena/SYST-INFO/ETU003955/app/Controllers/TestDb.php(14): CodeIgniter\Database\BaseConnection->query()
#4 /home/tiavina-anjaranomena/SYST-INFO/ETU003955/system/CodeIgniter.php(951): App\Controllers\TestDb->index()
#5 /home/tiavina-anjaranomena/SYST-INFO/ETU003955/system/CodeIgniter.php(497): CodeIgniter\CodeIgniter->runController()
#6 /home/tiavina-anjaranomena/SYST-INFO/ETU003955/system/CodeIgniter.php(340): CodeIgniter\CodeIgniter->handleRequest()
#7 /home/tiavina-anjaranomena/SYST-INFO/ETU003955/system/Boot.php(417): CodeIgniter\CodeIgniter->run()
#8 /home/tiavina-anjaranomena/SYST-INFO/ETU003955/system/Boot.php(68): CodeIgniter\Boot::runCodeIgniter()
#9 /home/tiavina-anjaranomena/SYST-INFO/ETU003955/public/index.php(59): CodeIgniter\Boot::bootWeb()
#10 {main}

Next CodeIgniter\Database\Exceptions\DatabaseException: No such file or directory in /home/tiavina-anjaranomena/SYST-INFO/ETU003955/system/Database/MySQLi/Connection.php:231
Stack trace:
#0 /home/tiavina-anjaranomena/SYST-INFO/ETU003955/system/Database/BaseConnection.php(555): CodeIgniter\Database\MySQLi\Connection->connect()
#1 /home/tiavina-anjaranomena/SYST-INFO/ETU003955/system/Database/BaseConnection.php(795): CodeIgniter\Database\BaseConnection->initialize()
#2 /home/tiavina-anjaranomena/SYST-INFO/ETU003955/app/Controllers/TestDb.php(14): CodeIgniter\Database\BaseConnection->query()
#3 /home/tiavina-anjaranomena/SYST-INFO/ETU003955/system/CodeIgniter.php(951): App\Controllers\TestDb->index()
#4 /home/tiavina-anjaranomena/SYST-INFO/ETU003955/system/CodeIgniter.php(497): CodeIgniter\CodeIgniter->runController()
#5 /home/tiavina-anjaranomena/SYST-INFO/ETU003955/system/CodeIgniter.php(340): CodeIgniter\CodeIgniter->handleRequest()
#6 /home/tiavina-anjaranomena/SYST-INFO/ETU003955/system/Boot.php(417): CodeIgniter\CodeIgniter->run()
#7 /home/tiavina-anjaranomena/SYST-INFO/ETU003955/system/Boot.php(68): CodeIgniter\Boot::runCodeIgniter()
#8 /home/tiavina-anjaranomena/SYST-INFO/ETU003955/public/index.php(59): CodeIgniter\Boot::bootWeb()
#9 {main}
ERROR - 2026-04-20 12:46:33 --> Error connecting to the database: mysqli_sql_exception: No such file or directory in /home/tiavina-anjaranomena/SYST-INFO/ETU003955/system/Database/MySQLi/Connection.php:201
Stack trace:
#0 /home/tiavina-anjaranomena/SYST-INFO/ETU003955/system/Database/MySQLi/Connection.php(201): mysqli->real_connect()
#1 /home/tiavina-anjaranomena/SYST-INFO/ETU003955/system/Database/BaseConnection.php(555): CodeIgniter\Database\MySQLi\Connection->connect()
#2 /home/tiavina-anjaranomena/SYST-INFO/ETU003955/system/Database/BaseConnection.php(795): CodeIgniter\Database\BaseConnection->initialize()
#3 /home/tiavina-anjaranomena/SYST-INFO/ETU003955/app/Controllers/TestDb.php(14): CodeIgniter\Database\BaseConnection->query()
#4 /home/tiavina-anjaranomena/SYST-INFO/ETU003955/system/CodeIgniter.php(951): App\Controllers\TestDb->index()
#5 /home/tiavina-anjaranomena/SYST-INFO/ETU003955/system/CodeIgniter.php(497): CodeIgniter\CodeIgniter->runController()
#6 /home/tiavina-anjaranomena/SYST-INFO/ETU003955/system/CodeIgniter.php(340): CodeIgniter\CodeIgniter->handleRequest()
#7 /home/tiavina-anjaranomena/SYST-INFO/ETU003955/system/Boot.php(417): CodeIgniter\CodeIgniter->run()
#8 /home/tiavina-anjaranomena/SYST-INFO/ETU003955/system/Boot.php(68): CodeIgniter\Boot::runCodeIgniter()
#9 /home/tiavina-anjaranomena/SYST-INFO/ETU003955/public/index.php(59): CodeIgniter\Boot::bootWeb()
#10 {main}

Next CodeIgniter\Database\Exceptions\DatabaseException: No such file or directory in /home/tiavina-anjaranomena/SYST-INFO/ETU003955/system/Database/MySQLi/Connection.php:231
Stack trace:
#0 /home/tiavina-anjaranomena/SYST-INFO/ETU003955/system/Database/BaseConnection.php(555): CodeIgniter\Database\MySQLi\Connection->connect()
#1 /home/tiavina-anjaranomena/SYST-INFO/ETU003955/system/Database/BaseConnection.php(795): CodeIgniter\Database\BaseConnection->initialize()
#2 /home/tiavina-anjaranomena/SYST-INFO/ETU003955/app/Controllers/TestDb.php(14): CodeIgniter\Database\BaseConnection->query()
#3 /home/tiavina-anjaranomena/SYST-INFO/ETU003955/system/CodeIgniter.php(951): App\Controllers\TestDb->index()
#4 /home/tiavina-anjaranomena/SYST-INFO/ETU003955/system/CodeIgniter.php(497): CodeIgniter\CodeIgniter->runController()
#5 /home/tiavina-anjaranomena/SYST-INFO/ETU003955/system/CodeIgniter.php(340): CodeIgniter\CodeIgniter->handleRequest()
#6 /home/tiavina-anjaranomena/SYST-INFO/ETU003955/system/Boot.php(417): CodeIgniter\CodeIgniter->run()
#7 /home/tiavina-anjaranomena/SYST-INFO/ETU003955/system/Boot.php(68): CodeIgniter\Boot::runCodeIgniter()
#8 /home/tiavina-anjaranomena/SYST-INFO/ETU003955/public/index.php(59): CodeIgniter\Boot::bootWeb()
#9 {main}
ERROR - 2026-04-20 12:46:39 --> Error connecting to the database: mysqli_sql_exception: No such file or directory in /home/tiavina-anjaranomena/SYST-INFO/ETU003955/system/Database/MySQLi/Connection.php:201
Stack trace:
#0 /home/tiavina-anjaranomena/SYST-INFO/ETU003955/system/Database/MySQLi/Connection.php(201): mysqli->real_connect()
#1 /home/tiavina-anjaranomena/SYST-INFO/ETU003955/system/Database/BaseConnection.php(555): CodeIgniter\Database\MySQLi\Connection->connect()
#2 /home/tiavina-anjaranomena/SYST-INFO/ETU003955/system/Database/BaseConnection.php(795): CodeIgniter\Database\BaseConnection->initialize()
#3 /home/tiavina-anjaranomena/SYST-INFO/ETU003955/app/Controllers/TestDb.php(14): CodeIgniter\Database\BaseConnection->query()
#4 /home/tiavina-anjaranomena/SYST-INFO/ETU003955/system/CodeIgniter.php(951): App\Controllers\TestDb->index()
#5 /home/tiavina-anjaranomena/SYST-INFO/ETU003955/system/CodeIgniter.php(497): CodeIgniter\CodeIgniter->runController()
#6 /home/tiavina-anjaranomena/SYST-INFO/ETU003955/system/CodeIgniter.php(340): CodeIgniter\CodeIgniter->handleRequest()
#7 /home/tiavina-anjaranomena/SYST-INFO/ETU003955/system/Boot.php(417): CodeIgniter\CodeIgniter->run()
#8 /home/tiavina-anjaranomena/SYST-INFO/ETU003955/system/Boot.php(68): CodeIgniter\Boot::runCodeIgniter()
#9 /home/tiavina-anjaranomena/SYST-INFO/ETU003955/public/index.php(59): CodeIgniter\Boot::bootWeb()
#10 {main}

Next CodeIgniter\Database\Exceptions\DatabaseException: No such file or directory in /home/tiavina-anjaranomena/SYST-INFO/ETU003955/system/Database/MySQLi/Connection.php:231
Stack trace:
#0 /home/tiavina-anjaranomena/SYST-INFO/ETU003955/system/Database/BaseConnection.php(555): CodeIgniter\Database\MySQLi\Connection->connect()
#1 /home/tiavina-anjaranomena/SYST-INFO/ETU003955/system/Database/BaseConnection.php(795): CodeIgniter\Database\BaseConnection->initialize()
#2 /home/tiavina-anjaranomena/SYST-INFO/ETU003955/app/Controllers/TestDb.php(14): CodeIgniter\Database\BaseConnection->query()
#3 /home/tiavina-anjaranomena/SYST-INFO/ETU003955/system/CodeIgniter.php(951): App\Controllers\TestDb->index()
#4 /home/tiavina-anjaranomena/SYST-INFO/ETU003955/system/CodeIgniter.php(497): CodeIgniter\CodeIgniter->runController()
#5 /home/tiavina-anjaranomena/SYST-INFO/ETU003955/system/CodeIgniter.php(340): CodeIgniter\CodeIgniter->handleRequest()
#6 /home/tiavina-anjaranomena/SYST-INFO/ETU003955/system/Boot.php(417): CodeIgniter\CodeIgniter->run()
#7 /home/tiavina-anjaranomena/SYST-INFO/ETU003955/system/Boot.php(68): CodeIgniter\Boot::runCodeIgniter()
#8 /home/tiavina-anjaranomena/SYST-INFO/ETU003955/public/index.php(59): CodeIgniter\Boot::bootWeb()
#9 {main}
ERROR - 2026-04-20 13:58:19 --> Duplicate entry '123456789' for key 'isbn'
in SYSTEMPATH/Database/MySQLi/Connection.php on line 300.
 1 SYSTEMPATH/Database/MySQLi/Connection.php(300): mysqli->query()
 2 SYSTEMPATH/Database/BaseConnection.php(910): CodeIgniter\Database\MySQLi\Connection->execute()
 3 SYSTEMPATH/Database/BaseConnection.php(827): CodeIgniter\Database\BaseConnection->simpleQuery()
 4 SYSTEMPATH/Database/BaseBuilder.php(2345): CodeIgniter\Database\BaseConnection->query()
 5 SYSTEMPATH/Model.php(355): CodeIgniter\Database\BaseBuilder->insert()
 6 SYSTEMPATH/BaseModel.php(899): CodeIgniter\Model->doInsert()
 7 SYSTEMPATH/Model.php(668): CodeIgniter\BaseModel->insert()
 8 APPPATH/Controllers/BookController.php(101): CodeIgniter\Model->insert()
 9 SYSTEMPATH/CodeIgniter.php(951): App\Controllers\BookController->store()
10 SYSTEMPATH/CodeIgniter.php(497): CodeIgniter\CodeIgniter->runController()
11 SYSTEMPATH/CodeIgniter.php(340): CodeIgniter\CodeIgniter->handleRequest()
12 SYSTEMPATH/Boot.php(417): CodeIgniter\CodeIgniter->run()
13 SYSTEMPATH/Boot.php(68): CodeIgniter\Boot::runCodeIgniter()
14 FCPATH/index.php(59): CodeIgniter\Boot::bootWeb()
CRITICAL - 2026-04-20 13:58:19 --> CodeIgniter\Database\Exceptions\DatabaseException: Duplicate entry '123456789' for key 'isbn'
[Method: POST, Route: livre/store]
in SYSTEMPATH/Database/BaseConnection.php on line 865.
 1 SYSTEMPATH/Database/BaseBuilder.php(2345): CodeIgniter\Database\BaseConnection->query()
 2 SYSTEMPATH/Model.php(355): CodeIgniter\Database\BaseBuilder->insert()
 3 SYSTEMPATH/BaseModel.php(899): CodeIgniter\Model->doInsert()
 4 SYSTEMPATH/Model.php(668): CodeIgniter\BaseModel->insert()
 5 APPPATH/Controllers/BookController.php(101): CodeIgniter\Model->insert()
 6 SYSTEMPATH/CodeIgniter.php(951): App\Controllers\BookController->store()
 7 SYSTEMPATH/CodeIgniter.php(497): CodeIgniter\CodeIgniter->runController()
 8 SYSTEMPATH/CodeIgniter.php(340): CodeIgniter\CodeIgniter->handleRequest()
 9 SYSTEMPATH/Boot.php(417): CodeIgniter\CodeIgniter->run()
10 SYSTEMPATH/Boot.php(68): CodeIgniter\Boot::runCodeIgniter()
11 FCPATH/index.php(59): CodeIgniter\Boot::bootWeb()
CRITICAL - 2026-04-20 13:58:19 --> [Caused by] CodeIgniter\Database\Exceptions\DatabaseException: Duplicate entry '123456789' for key 'isbn'
in SYSTEMPATH/Database/MySQLi/Connection.php on line 310.
 1 SYSTEMPATH/Database/BaseConnection.php(910): CodeIgniter\Database\MySQLi\Connection->execute()
 2 SYSTEMPATH/Database/BaseConnection.php(827): CodeIgniter\Database\BaseConnection->simpleQuery()
 3 SYSTEMPATH/Database/BaseBuilder.php(2345): CodeIgniter\Database\BaseConnection->query()
 4 SYSTEMPATH/Model.php(355): CodeIgniter\Database\BaseBuilder->insert()
 5 SYSTEMPATH/BaseModel.php(899): CodeIgniter\Model->doInsert()
 6 SYSTEMPATH/Model.php(668): CodeIgniter\BaseModel->insert()
 7 APPPATH/Controllers/BookController.php(101): CodeIgniter\Model->insert()
 8 SYSTEMPATH/CodeIgniter.php(951): App\Controllers\BookController->store()
 9 SYSTEMPATH/CodeIgniter.php(497): CodeIgniter\CodeIgniter->runController()
10 SYSTEMPATH/CodeIgniter.php(340): CodeIgniter\CodeIgniter->handleRequest()
11 SYSTEMPATH/Boot.php(417): CodeIgniter\CodeIgniter->run()
12 SYSTEMPATH/Boot.php(68): CodeIgniter\Boot::runCodeIgniter()
13 FCPATH/index.php(59): CodeIgniter\Boot::bootWeb()
CRITICAL - 2026-04-20 13:58:19 --> [Caused by] mysqli_sql_exception: Duplicate entry '123456789' for key 'isbn'
in SYSTEMPATH/Database/MySQLi/Connection.php on line 300.
 1 SYSTEMPATH/Database/MySQLi/Connection.php(300): mysqli->query()
 2 SYSTEMPATH/Database/BaseConnection.php(910): CodeIgniter\Database\MySQLi\Connection->execute()
 3 SYSTEMPATH/Database/BaseConnection.php(827): CodeIgniter\Database\BaseConnection->simpleQuery()
 4 SYSTEMPATH/Database/BaseBuilder.php(2345): CodeIgniter\Database\BaseConnection->query()
 5 SYSTEMPATH/Model.php(355): CodeIgniter\Database\BaseBuilder->insert()
 6 SYSTEMPATH/BaseModel.php(899): CodeIgniter\Model->doInsert()
 7 SYSTEMPATH/Model.php(668): CodeIgniter\BaseModel->insert()
 8 APPPATH/Controllers/BookController.php(101): CodeIgniter\Model->insert()
 9 SYSTEMPATH/CodeIgniter.php(951): App\Controllers\BookController->store()
10 SYSTEMPATH/CodeIgniter.php(497): CodeIgniter\CodeIgniter->runController()
11 SYSTEMPATH/CodeIgniter.php(340): CodeIgniter\CodeIgniter->handleRequest()
12 SYSTEMPATH/Boot.php(417): CodeIgniter\CodeIgniter->run()
13 SYSTEMPATH/Boot.php(68): CodeIgniter\Boot::runCodeIgniter()
14 FCPATH/index.php(59): CodeIgniter\Boot::bootWeb()
ERROR - 2026-04-20 13:59:22 --> Duplicate entry '123456789' for key 'isbn'
in SYSTEMPATH/Database/MySQLi/Connection.php on line 300.
 1 SYSTEMPATH/Database/MySQLi/Connection.php(300): mysqli->query()
 2 SYSTEMPATH/Database/BaseConnection.php(910): CodeIgniter\Database\MySQLi\Connection->execute()
 3 SYSTEMPATH/Database/BaseConnection.php(827): CodeIgniter\Database\BaseConnection->simpleQuery()
 4 SYSTEMPATH/Database/BaseBuilder.php(2345): CodeIgniter\Database\BaseConnection->query()
 5 SYSTEMPATH/Model.php(355): CodeIgniter\Database\BaseBuilder->insert()
 6 SYSTEMPATH/BaseModel.php(899): CodeIgniter\Model->doInsert()
 7 SYSTEMPATH/Model.php(668): CodeIgniter\BaseModel->insert()
 8 APPPATH/Controllers/BookController.php(101): CodeIgniter\Model->insert()
 9 SYSTEMPATH/CodeIgniter.php(951): App\Controllers\BookController->store()
10 SYSTEMPATH/CodeIgniter.php(497): CodeIgniter\CodeIgniter->runController()
11 SYSTEMPATH/CodeIgniter.php(340): CodeIgniter\CodeIgniter->handleRequest()
12 SYSTEMPATH/Boot.php(417): CodeIgniter\CodeIgniter->run()
13 SYSTEMPATH/Boot.php(68): CodeIgniter\Boot::runCodeIgniter()
14 FCPATH/index.php(59): CodeIgniter\Boot::bootWeb()
CRITICAL - 2026-04-20 13:59:22 --> CodeIgniter\Database\Exceptions\DatabaseException: Duplicate entry '123456789' for key 'isbn'
[Method: POST, Route: livre/store]
in SYSTEMPATH/Database/BaseConnection.php on line 865.
 1 SYSTEMPATH/Database/BaseBuilder.php(2345): CodeIgniter\Database\BaseConnection->query()
 2 SYSTEMPATH/Model.php(355): CodeIgniter\Database\BaseBuilder->insert()
 3 SYSTEMPATH/BaseModel.php(899): CodeIgniter\Model->doInsert()
 4 SYSTEMPATH/Model.php(668): CodeIgniter\BaseModel->insert()
 5 APPPATH/Controllers/BookController.php(101): CodeIgniter\Model->insert()
 6 SYSTEMPATH/CodeIgniter.php(951): App\Controllers\BookController->store()
 7 SYSTEMPATH/CodeIgniter.php(497): CodeIgniter\CodeIgniter->runController()
 8 SYSTEMPATH/CodeIgniter.php(340): CodeIgniter\CodeIgniter->handleRequest()
 9 SYSTEMPATH/Boot.php(417): CodeIgniter\CodeIgniter->run()
10 SYSTEMPATH/Boot.php(68): CodeIgniter\Boot::runCodeIgniter()
11 FCPATH/index.php(59): CodeIgniter\Boot::bootWeb()
CRITICAL - 2026-04-20 13:59:22 --> [Caused by] CodeIgniter\Database\Exceptions\DatabaseException: Duplicate entry '123456789' for key 'isbn'
in SYSTEMPATH/Database/MySQLi/Connection.php on line 310.
 1 SYSTEMPATH/Database/BaseConnection.php(910): CodeIgniter\Database\MySQLi\Connection->execute()
 2 SYSTEMPATH/Database/BaseConnection.php(827): CodeIgniter\Database\BaseConnection->simpleQuery()
 3 SYSTEMPATH/Database/BaseBuilder.php(2345): CodeIgniter\Database\BaseConnection->query()
 4 SYSTEMPATH/Model.php(355): CodeIgniter\Database\BaseBuilder->insert()
 5 SYSTEMPATH/BaseModel.php(899): CodeIgniter\Model->doInsert()
 6 SYSTEMPATH/Model.php(668): CodeIgniter\BaseModel->insert()
 7 APPPATH/Controllers/BookController.php(101): CodeIgniter\Model->insert()
 8 SYSTEMPATH/CodeIgniter.php(951): App\Controllers\BookController->store()
 9 SYSTEMPATH/CodeIgniter.php(497): CodeIgniter\CodeIgniter->runController()
10 SYSTEMPATH/CodeIgniter.php(340): CodeIgniter\CodeIgniter->handleRequest()
11 SYSTEMPATH/Boot.php(417): CodeIgniter\CodeIgniter->run()
12 SYSTEMPATH/Boot.php(68): CodeIgniter\Boot::runCodeIgniter()
13 FCPATH/index.php(59): CodeIgniter\Boot::bootWeb()
CRITICAL - 2026-04-20 13:59:22 --> [Caused by] mysqli_sql_exception: Duplicate entry '123456789' for key 'isbn'
in SYSTEMPATH/Database/MySQLi/Connection.php on line 300.
 1 SYSTEMPATH/Database/MySQLi/Connection.php(300): mysqli->query()
 2 SYSTEMPATH/Database/BaseConnection.php(910): CodeIgniter\Database\MySQLi\Connection->execute()
 3 SYSTEMPATH/Database/BaseConnection.php(827): CodeIgniter\Database\BaseConnection->simpleQuery()
 4 SYSTEMPATH/Database/BaseBuilder.php(2345): CodeIgniter\Database\BaseConnection->query()
 5 SYSTEMPATH/Model.php(355): CodeIgniter\Database\BaseBuilder->insert()
 6 SYSTEMPATH/BaseModel.php(899): CodeIgniter\Model->doInsert()
 7 SYSTEMPATH/Model.php(668): CodeIgniter\BaseModel->insert()
 8 APPPATH/Controllers/BookController.php(101): CodeIgniter\Model->insert()
 9 SYSTEMPATH/CodeIgniter.php(951): App\Controllers\BookController->store()
10 SYSTEMPATH/CodeIgniter.php(497): CodeIgniter\CodeIgniter->runController()
11 SYSTEMPATH/CodeIgniter.php(340): CodeIgniter\CodeIgniter->handleRequest()
12 SYSTEMPATH/Boot.php(417): CodeIgniter\CodeIgniter->run()
13 SYSTEMPATH/Boot.php(68): CodeIgniter\Boot::runCodeIgniter()
14 FCPATH/index.php(59): CodeIgniter\Boot::bootWeb()
